<?xml version="1.0" encoding="UTF-8"?>
<testng-results ignored="0" total="1" passed="1" failed="0" skipped="0">
  <reporter-output>
  </reporter-output>
  <suite started-at="2025-05-30T22:58:26 IST" name="Default suite" finished-at="2025-05-30T22:58:45 IST" duration-ms="18781">
    <groups>
    </groups>
    <test started-at="2025-05-30T22:58:26 IST" name="Default test" finished-at="2025-05-30T22:58:45 IST" duration-ms="18781">
      <class name="com.naukri.automation.NaukriProfileUpdateTest">
        <test-method is-config="true" signature="setup()[pri:0, instance:com.naukri.automation.NaukriProfileUpdateTest@6a6cb05c]" started-at="2025-05-30T22:58:26 IST" name="setup" finished-at="2025-05-30T22:58:41 IST" duration-ms="14345" status="PASS">
          <reporter-output>
          </reporter-output>
        </test-method> <!-- setup -->
        <test-method signature="updateResume()[pri:0, instance:com.naukri.automation.NaukriProfileUpdateTest@6a6cb05c]" started-at="2025-05-30T22:58:41 IST" name="updateResume" finished-at="2025-05-30T22:58:44 IST" duration-ms="3675" status="PASS">
          <reporter-output>
          </reporter-output>
        </test-method> <!-- updateResume -->
        <test-method is-config="true" signature="tearDown()[pri:0, instance:com.naukri.automation.NaukriProfileUpdateTest@6a6cb05c]" started-at="2025-05-30T22:58:44 IST" name="tearDown" finished-at="2025-05-30T22:58:45 IST" duration-ms="689" status="PASS">
          <reporter-output>
          </reporter-output>
        </test-method> <!-- tearDown -->
      </class> <!-- com.naukri.automation.NaukriProfileUpdateTest -->
    </test> <!-- Default test -->
  </suite> <!-- Default suite -->
</testng-results>
